ObjectDetection/build/intermediates/manifest_merge_blame_file/debug/processDebugMainManifest/manifest-merger-blame-debug-report.txt
1<?xml version="1.0" encoding="utf-8"?>
2<manifest xmlns:android="http://schemas.android.com/apk/res/android"
3    package="com.quicinc.objectdetection"
4    android:versionCode="1"
5    android:versionName="1.0" >
6
7    <uses-sdk
8        android:minSdkVersion="30"
9        android:targetSdkVersion="34" />
10
11    <uses-permission android:name="android.permission.CAMERA" />
11-->src\main\AndroidManifest.xml:5:5-65
11-->src\main\AndroidManifest.xml:5:22-62
12
13    <uses-feature android:name="android.hardware.camera" />
13-->src\main\AndroidManifest.xml:6:5-60
13-->src\main\AndroidManifest.xml:6:19-57
14
15    <uses-permission android:name="android.permission.WRITE_EXTERNAL_STORAGE" />
16    <uses-permission android:name="android.permission.READ_PHONE_STATE" />
17    <uses-permission android:name="android.permission.READ_EXTERNAL_STORAGE" />
18
19    <permission
19-->[androidx.core:core:1.13.0] AndroidManifest.xml:22:5-24:47
20        android:name="com.quicinc.objectdetection.DYNAMIC_RECEIVER_NOT_EXPORTED_PERMISSION"
20-->[androidx.core:core:1.13.0] AndroidManifest.xml:23:9-81
21        android:protectionLevel="signature" />
21-->[androidx.core:core:1.13.0] AndroidManifest.xml:24:9-44
22
23    <uses-permission android:name="com.quicinc.objectdetection.DYNAMIC_RECEIVER_NOT_EXPORTED_PERMISSION" />
23-->[androidx.core:core:1.13.0] AndroidManifest.xml:26:5-97
23-->[androidx.core:core:1.13.0] AndroidManifest.xml:26:22-94
24
25    <application
25-->src\main\AndroidManifest.xml:7:5-37:19
26        android:allowBackup="true"
26-->src\main\AndroidManifest.xml:10:9-35
27        android:appComponentFactory="androidx.core.app.CoreComponentFactory"
27-->[androidx.core:core:1.13.0] AndroidManifest.xml:28:18-86
28        android:configChanges="orientation|screenSize"
28-->src\main\AndroidManifest.xml:8:9-55
29        android:debuggable="true"
30        android:extractNativeLibs="true"
30-->src\main\AndroidManifest.xml:9:9-41
31        android:hardwareAccelerated="true"
31-->src\main\AndroidManifest.xml:11:9-43
32        android:icon="@mipmap/ic_launcher"
32-->src\main\AndroidManifest.xml:12:9-43
33        android:label="@string/app_name"
33-->src\main\AndroidManifest.xml:13:9-41
34        android:roundIcon="@mipmap/ic_launcher_round"
34-->src\main\AndroidManifest.xml:14:9-54
35        android:supportsRtl="true"
35-->src\main\AndroidManifest.xml:15:9-35
36        android:testOnly="true"
37        android:theme="@style/AppTheme" >
37-->src\main\AndroidManifest.xml:16:9-40
38        <uses-native-library
38-->src\main\AndroidManifest.xml:18:9-20:39
39            android:name="libcdsprpc.so"
39-->src\main\AndroidManifest.xml:19:13-41
40            android:required="false" />
40-->src\main\AndroidManifest.xml:20:13-37
41
42        <!-- For GPUv2 delegate -->
43        <uses-native-library
43-->src\main\AndroidManifest.xml:18:9-20:39
44            android:name="libOpenCL.so"
44-->src\main\AndroidManifest.xml:19:13-41
45            android:required="false" />
45-->src\main\AndroidManifest.xml:20:13-37
46
47        <activity
47-->src\main\AndroidManifest.xml:27:9-36:20
48            android:name="com.quicinc.objectdetection.MainActivity"
48-->src\main\AndroidManifest.xml:27:19-74
49            android:configChanges="orientation|screenSize"
49-->src\main\AndroidManifest.xml:29:13-59
50            android:exported="true"
50-->src\main\AndroidManifest.xml:28:13-36
51            android:screenOrientation="unspecified" >
51-->src\main\AndroidManifest.xml:30:13-52
52            <intent-filter>
52-->src\main\AndroidManifest.xml:31:13-35:29
53                <action android:name="android.intent.action.MAIN" />
53-->src\main\AndroidManifest.xml:32:17-69
53-->src\main\AndroidManifest.xml:32:25-66
54
55                <category android:name="android.intent.category.LAUNCHER" />
55-->src\main\AndroidManifest.xml:34:17-77
55-->src\main\AndroidManifest.xml:34:27-74
56            </intent-filter>
57        </activity>
58        <!--
59         Applications that target Android S+ require explicit declaration of
60             any referenced vendor-provided libraries.
61        -->
62        <uses-native-library
62-->src\main\AndroidManifest.xml:18:9-20:39
63            android:name="libOpenCL.so"
63-->src\main\AndroidManifest.xml:19:13-41
64            android:required="false" />
64-->src\main\AndroidManifest.xml:20:13-37
65        <uses-native-library
65-->src\main\AndroidManifest.xml:18:9-20:39
66            android:name="libOpenCL-car.so"
66-->src\main\AndroidManifest.xml:19:13-41
67            android:required="false" />
67-->src\main\AndroidManifest.xml:20:13-37
68        <uses-native-library
68-->src\main\AndroidManifest.xml:18:9-20:39
69            android:name="libOpenCL-pixel.so"
69-->src\main\AndroidManifest.xml:19:13-41
70            android:required="false" />
70-->src\main\AndroidManifest.xml:20:13-37
71
72        <provider
72-->[androidx.emoji2:emoji2:1.3.0] AndroidManifest.xml:24:9-32:20
73            android:name="androidx.startup.InitializationProvider"
73-->[androidx.emoji2:emoji2:1.3.0] AndroidManifest.xml:25:13-67
74            android:authorities="com.quicinc.objectdetection.androidx-startup"
74-->[androidx.emoji2:emoji2:1.3.0] AndroidManifest.xml:26:13-68
75            android:exported="false" >
75-->[androidx.emoji2:emoji2:1.3.0] AndroidManifest.xml:27:13-37
76            <meta-data
76-->[androidx.emoji2:emoji2:1.3.0] AndroidManifest.xml:29:13-31:52
77                android:name="androidx.emoji2.text.EmojiCompatInitializer"
77-->[androidx.emoji2:emoji2:1.3.0] AndroidManifest.xml:30:17-75
78                android:value="androidx.startup" />
78-->[androidx.emoji2:emoji2:1.3.0] AndroidManifest.xml:31:17-49
79            <meta-data
79-->[androidx.lifecycle:lifecycle-process:2.6.2] AndroidManifest.xml:29:13-31:52
80                android:name="androidx.lifecycle.ProcessLifecycleInitializer"
80-->[androidx.lifecycle:lifecycle-process:2.6.2] AndroidManifest.xml:30:17-78
81                android:value="androidx.startup" />
81-->[androidx.lifecycle:lifecycle-process:2.6.2] AndroidManifest.xml:31:17-49
82            <meta-data
82-->[androidx.profileinstaller:profileinstaller:1.3.1] AndroidManifest.xml:29:13-31:52
83                android:name="androidx.profileinstaller.ProfileInstallerInitializer"
83-->[androidx.profileinstaller:profileinstaller:1.3.1] AndroidManifest.xml:30:17-85
84                android:value="androidx.startup" />
84-->[androidx.profileinstaller:profileinstaller:1.3.1] AndroidManifest.xml:31:17-49
85        </provider>
86
87        <receiver
87-->[androidx.profileinstaller:profileinstaller:1.3.1] AndroidManifest.xml:34:9-52:20
88            android:name="androidx.profileinstaller.ProfileInstallReceiver"
88-->[androidx.profileinstaller:profileinstaller:1.3.1] AndroidManifest.xml:35:13-76
89            android:directBootAware="false"
89-->[androidx.profileinstaller:profileinstaller:1.3.1] AndroidManifest.xml:36:13-44
90            android:enabled="true"
90-->[androidx.profileinstaller:profileinstaller:1.3.1] AndroidManifest.xml:37:13-35
91            android:exported="true"
91-->[androidx.profileinstaller:profileinstaller:1.3.1] AndroidManifest.xml:38:13-36
92            android:permission="android.permission.DUMP" >
92-->[androidx.profileinstaller:profileinstaller:1.3.1] AndroidManifest.xml:39:13-57
93            <intent-filter>
93-->[androidx.profileinstaller:profileinstaller:1.3.1] AndroidManifest.xml:40:13-42:29
94                <action android:name="androidx.profileinstaller.action.INSTALL_PROFILE" />
94-->[androidx.profileinstaller:profileinstaller:1.3.1] AndroidManifest.xml:41:17-91
94-->[androidx.profileinstaller:profileinstaller:1.3.1] AndroidManifest.xml:41:25-88
95            </intent-filter>
96            <intent-filter>
96-->[androidx.profileinstaller:profileinstaller:1.3.1] AndroidManifest.xml:43:13-45:29
97                <action android:name="androidx.profileinstaller.action.SKIP_FILE" />
97-->[androidx.profileinstaller:profileinstaller:1.3.1] AndroidManifest.xml:44:17-85
97-->[androidx.profileinstaller:profileinstaller:1.3.1] AndroidManifest.xml:44:25-82
98            </intent-filter>
99            <intent-filter>
99-->[androidx.profileinstaller:profileinstaller:1.3.1] AndroidManifest.xml:46:13-48:29
100                <action android:name="androidx.profileinstaller.action.SAVE_PROFILE" />
100-->[androidx.profileinstaller:profileinstaller:1.3.1] AndroidManifest.xml:47:17-88
100-->[androidx.profileinstaller:profileinstaller:1.3.1] AndroidManifest.xml:47:25-85
101            </intent-filter>
102            <intent-filter>
102-->[androidx.profileinstaller:profileinstaller:1.3.1] AndroidManifest.xml:49:13-51:29
103                <action android:name="androidx.profileinstaller.action.BENCHMARK_OPERATION" />
103-->[androidx.profileinstaller:profileinstaller:1.3.1] AndroidManifest.xml:50:17-95
103-->[androidx.profileinstaller:profileinstaller:1.3.1] AndroidManifest.xml:50:25-92
104            </intent-filter>
105        </receiver>
106    </application>
107
108</manifest>